Copyright 1986-2022 Xilinx, Inc. All Rights Reserved. Copyright 2022-2023 Advanced Micro Devices, Inc. All Rights Reserved.
---------------------------------------------------------------------------------------------------------------------------------------------------------------------------------------------------------------------
| Tool Version : Vivado v.2023.1 (win64) Build 3865809 Sun May  7 15:05:29 MDT 2023
| Date         : Thu Sep  7 11:09:35 2023
| Host         : JohanTheil running 64-bit major release  (build 9200)
| Command      : report_timing_summary -max_paths 10 -report_unconstrained -file CeresTop_timing_summary_routed.rpt -pb CeresTop_timing_summary_routed.pb -rpx CeresTop_timing_summary_routed.rpx -warn_on_violation
| Design       : CeresTop
| Device       : 7a35t-cpg236
| Speed File   : -1  PRODUCTION 1.23 2018-06-13
| Design State : Routed
---------------------------------------------------------------------------------------------------------------------------------------------------------------------------------------------------------------------

Timing Summary Report

------------------------------------------------------------------------------------------------
| Timer Settings
| --------------
------------------------------------------------------------------------------------------------

  Enable Multi Corner Analysis               :  Yes
  Enable Pessimism Removal                   :  Yes
  Pessimism Removal Resolution               :  Nearest Common Node
  Enable Input Delay Default Clock           :  No
  Enable Preset / Clear Arcs                 :  No
  Disable Flight Delays                      :  No
  Ignore I/O Paths                           :  No
  Timing Early Launch at Borrowing Latches   :  No
  Borrow Time for Max Delay Exceptions       :  Yes
  Merge Timing Exceptions                    :  Yes

  Corner  Analyze    Analyze    
  Name    Max Paths  Min Paths  
  ------  ---------  ---------  
  Slow    Yes        Yes        
  Fast    Yes        Yes        


------------------------------------------------------------------------------------------------
| Report Methodology
| ------------------
------------------------------------------------------------------------------------------------

No report available as report_methodology has not been run prior. Run report_methodology on the current design for the summary of methodology violations.



check_timing report

Table of Contents
-----------------
1. checking no_clock (0)
2. checking constant_clock (0)
3. checking pulse_width_clock (0)
4. checking unconstrained_internal_endpoints (0)
5. checking no_input_delay (0)
6. checking no_output_delay (0)
7. checking multiple_clock (0)
8. checking generated_clocks (0)
9. checking loops (0)
10. checking partial_input_delay (0)
11. checking partial_output_delay (0)
12. checking latch_loops (0)

1. checking no_clock (0)
------------------------
 There are 0 register/latch pins with no clock.


2. checking constant_clock (0)
------------------------------
 There are 0 register/latch pins with constant_clock.


3. checking pulse_width_clock (0)
---------------------------------
 There are 0 register/latch pins which need pulse_width check


4. checking unconstrained_internal_endpoints (0)
------------------------------------------------
 There are 0 pins that are not constrained for maximum delay.

 There are 0 pins that are not constrained for maximum delay due to constant clock.


5. checking no_input_delay (0)
------------------------------
 There are 0 input ports with no input delay specified.

 There are 0 input ports with no input delay but user has a false path constraint.


6. checking no_output_delay (0)
-------------------------------
 There are 0 ports with no output delay specified.

 There are 0 ports with no output delay but user has a false path constraint

 There are 0 ports with no output delay but with a timing clock defined on it or propagating through it


7. checking multiple_clock (0)
------------------------------
 There are 0 register/latch pins with multiple clocks.


8. checking generated_clocks (0)
--------------------------------
 There are 0 generated clocks that are not connected to a clock source.


9. checking loops (0)
---------------------
 There are 0 combinational loops in the design.


10. checking partial_input_delay (0)
------------------------------------
 There are 0 input ports with partial input delay specified.


11. checking partial_output_delay (0)
-------------------------------------
 There are 0 ports with partial output delay specified.


12. checking latch_loops (0)
----------------------------
 There are 0 combinational latch loops in the design through latch input



------------------------------------------------------------------------------------------------
| Design Timing Summary
| ---------------------
------------------------------------------------------------------------------------------------

    WNS(ns)      TNS(ns)  TNS Failing Endpoints  TNS Total Endpoints      WHS(ns)      THS(ns)  THS Failing Endpoints  THS Total Endpoints     WPWS(ns)     TPWS(ns)  TPWS Failing Endpoints  TPWS Total Endpoints  
    -------      -------  ---------------------  -------------------      -------      -------  ---------------------  -------------------     --------     --------  ----------------------  --------------------  
        inf        0.000                      0                    4          inf        0.000                      0                    4           NA           NA                      NA                    NA  


There are no user specified timing constraints.


------------------------------------------------------------------------------------------------
| Clock Summary
| -------------
------------------------------------------------------------------------------------------------


------------------------------------------------------------------------------------------------
| Intra Clock Table
| -----------------
------------------------------------------------------------------------------------------------

Clock             WNS(ns)      TNS(ns)  TNS Failing Endpoints  TNS Total Endpoints      WHS(ns)      THS(ns)  THS Failing Endpoints  THS Total Endpoints     WPWS(ns)     TPWS(ns)  TPWS Failing Endpoints  TPWS Total Endpoints  
-----             -------      -------  ---------------------  -------------------      -------      -------  ---------------------  -------------------     --------     --------  ----------------------  --------------------  


------------------------------------------------------------------------------------------------
| Inter Clock Table
| -----------------
------------------------------------------------------------------------------------------------

From Clock    To Clock          WNS(ns)      TNS(ns)  TNS Failing Endpoints  TNS Total Endpoints      WHS(ns)      THS(ns)  THS Failing Endpoints  THS Total Endpoints  
----------    --------          -------      -------  ---------------------  -------------------      -------      -------  ---------------------  -------------------  


------------------------------------------------------------------------------------------------
| Other Path Groups Table
| -----------------------
------------------------------------------------------------------------------------------------

Path Group    From Clock    To Clock          WNS(ns)      TNS(ns)  TNS Failing Endpoints  TNS Total Endpoints      WHS(ns)      THS(ns)  THS Failing Endpoints  THS Total Endpoints  
----------    ----------    --------          -------      -------  ---------------------  -------------------      -------      -------  ---------------------  -------------------  


------------------------------------------------------------------------------------------------
| User Ignored Path Table
| -----------------------
------------------------------------------------------------------------------------------------

Path Group    From Clock    To Clock    
----------    ----------    --------    


------------------------------------------------------------------------------------------------
| Unconstrained Path Table
| ------------------------
------------------------------------------------------------------------------------------------

Path Group    From Clock    To Clock    
----------    ----------    --------    
(none)                                    


------------------------------------------------------------------------------------------------
| Timing Details
| --------------
------------------------------------------------------------------------------------------------


--------------------------------------------------------------------------------------
Path Group:  (none)
From Clock:  
  To Clock:  

Max Delay             4 Endpoints
Min Delay             4 Endpoints
--------------------------------------------------------------------------------------


Max Delay Paths
--------------------------------------------------------------------------------------
Slack:                    inf
  Source:                 K3
                            (input port)
  Destination:            L3
                            (output port)
  Path Group:             (none)
  Path Type:              Max at Slow Process Corner
  Data Path Delay:        10.120ns  (logic 5.102ns (50.410%)  route 5.019ns (49.590%))
  Logic Levels:           3  (IBUF=1 LUT1=1 OBUF=1)

    Location             Delay type                Incr(ns)  Path(ns)    Netlist Resource(s)
  -------------------------------------------------------------------    -------------------
    G17                                               0.000     0.000 f  K3 (IN)
                         net (fo=0)                   0.000     0.000    K3
    G17                  IBUF (Prop_ibuf_I_O)         1.474     1.474 f  K3_IBUF_inst/O
                         net (fo=1, routed)           2.195     3.669    K3_IBUF
    SLICE_X0Y80          LUT1 (Prop_lut1_I0_O)        0.124     3.793 r  L3_OBUF_inst_i_1/O
                         net (fo=1, routed)           2.824     6.617    L3_OBUF
    C17                  OBUF (Prop_obuf_I_O)         3.503    10.120 r  L3_OBUF_inst/O
                         net (fo=0)                   0.000    10.120    L3
    C17                                                               r  L3 (OUT)
  -------------------------------------------------------------------    -------------------

Slack:                    inf
  Source:                 K4
                            (input port)
  Destination:            L4
                            (output port)
  Path Group:             (none)
  Path Type:              Max at Slow Process Corner
  Data Path Delay:        10.093ns  (logic 5.096ns (50.491%)  route 4.997ns (49.509%))
  Logic Levels:           3  (IBUF=1 LUT1=1 OBUF=1)

    Location             Delay type                Incr(ns)  Path(ns)    Netlist Resource(s)
  -------------------------------------------------------------------    -------------------
    G19                                               0.000     0.000 f  K4 (IN)
                         net (fo=0)                   0.000     0.000    K4
    G19                  IBUF (Prop_ibuf_I_O)         1.469     1.469 f  K4_IBUF_inst/O
                         net (fo=1, routed)           2.174     3.642    K4_IBUF
    SLICE_X0Y82          LUT1 (Prop_lut1_I0_O)        0.124     3.766 r  L4_OBUF_inst_i_1/O
                         net (fo=1, routed)           2.823     6.590    L4_OBUF
    B16                  OBUF (Prop_obuf_I_O)         3.503    10.093 r  L4_OBUF_inst/O
                         net (fo=0)                   0.000    10.093    L4
    B16                                                               r  L4 (OUT)
  -------------------------------------------------------------------    -------------------

Slack:                    inf
  Source:                 K1
                            (input port)
  Destination:            L1
                            (output port)
  Path Group:             (none)
  Path Type:              Max at Slow Process Corner
  Data Path Delay:        7.354ns  (logic 4.971ns (67.597%)  route 2.383ns (32.403%))
  Logic Levels:           2  (IBUF=1 OBUF=1)

    Location             Delay type                Incr(ns)  Path(ns)    Netlist Resource(s)
  -------------------------------------------------------------------    -------------------
    A18                                               0.000     0.000 r  K1 (IN)
                         net (fo=0)                   0.000     0.000    K1
    A18                  IBUF (Prop_ibuf_I_O)         1.463     1.463 r  K1_IBUF_inst/O
                         net (fo=1, routed)           2.383     3.846    L1_OBUF
    A17                  OBUF (Prop_obuf_I_O)         3.508     7.354 r  L1_OBUF_inst/O
                         net (fo=0)                   0.000     7.354    L1
    A17                                                               r  L1 (OUT)
  -------------------------------------------------------------------    -------------------

Slack:                    inf
  Source:                 K2
                            (input port)
  Destination:            L2
                            (output port)
  Path Group:             (none)
  Path Type:              Max at Slow Process Corner
  Data Path Delay:        7.130ns  (logic 4.948ns (69.405%)  route 2.181ns (30.595%))
  Logic Levels:           2  (IBUF=1 OBUF=1)

    Location             Delay type                Incr(ns)  Path(ns)    Netlist Resource(s)
  -------------------------------------------------------------------    -------------------
    B18                                               0.000     0.000 r  K2 (IN)
                         net (fo=0)                   0.000     0.000    K2
    B18                  IBUF (Prop_ibuf_I_O)         1.456     1.456 r  K2_IBUF_inst/O
                         net (fo=1, routed)           2.181     3.638    L2_OBUF
    C16                  OBUF (Prop_obuf_I_O)         3.492     7.130 r  L2_OBUF_inst/O
                         net (fo=0)                   0.000     7.130    L2
    C16                                                               r  L2 (OUT)
  -------------------------------------------------------------------    -------------------





Min Delay Paths
--------------------------------------------------------------------------------------
Slack:                    inf
  Source:                 K2
                            (input port)
  Destination:            L2
                            (output port)
  Path Group:             (none)
  Path Type:              Min at Fast Process Corner
  Data Path Delay:        1.891ns  (logic 1.418ns (74.971%)  route 0.473ns (25.029%))
  Logic Levels:           2  (IBUF=1 OBUF=1)

    Location             Delay type                Incr(ns)  Path(ns)    Netlist Resource(s)
  -------------------------------------------------------------------    -------------------
    B18                                               0.000     0.000 r  K2 (IN)
                         net (fo=0)                   0.000     0.000    K2
    B18                  IBUF (Prop_ibuf_I_O)         0.224     0.224 r  K2_IBUF_inst/O
                         net (fo=1, routed)           0.473     0.698    L2_OBUF
    C16                  OBUF (Prop_obuf_I_O)         1.193     1.891 r  L2_OBUF_inst/O
                         net (fo=0)                   0.000     1.891    L2
    C16                                                               r  L2 (OUT)
  -------------------------------------------------------------------    -------------------

Slack:                    inf
  Source:                 K1
                            (input port)
  Destination:            L1
                            (output port)
  Path Group:             (none)
  Path Type:              Min at Fast Process Corner
  Data Path Delay:        2.033ns  (logic 1.440ns (70.836%)  route 0.593ns (29.164%))
  Logic Levels:           2  (IBUF=1 OBUF=1)

    Location             Delay type                Incr(ns)  Path(ns)    Netlist Resource(s)
  -------------------------------------------------------------------    -------------------
    A18                                               0.000     0.000 r  K1 (IN)
                         net (fo=0)                   0.000     0.000    K1
    A18                  IBUF (Prop_ibuf_I_O)         0.231     0.231 r  K1_IBUF_inst/O
                         net (fo=1, routed)           0.593     0.824    L1_OBUF
    A17                  OBUF (Prop_obuf_I_O)         1.209     2.033 r  L1_OBUF_inst/O
                         net (fo=0)                   0.000     2.033    L1
    A17                                                               r  L1 (OUT)
  -------------------------------------------------------------------    -------------------

Slack:                    inf
  Source:                 K4
                            (input port)
  Destination:            L4
                            (output port)
  Path Group:             (none)
  Path Type:              Min at Fast Process Corner
  Data Path Delay:        3.159ns  (logic 1.486ns (47.043%)  route 1.673ns (52.957%))
  Logic Levels:           3  (IBUF=1 LUT1=1 OBUF=1)

    Location             Delay type                Incr(ns)  Path(ns)    Netlist Resource(s)
  -------------------------------------------------------------------    -------------------
    G19                                               0.000     0.000 f  K4 (IN)
                         net (fo=0)                   0.000     0.000    K4
    G19                  IBUF (Prop_ibuf_I_O)         0.237     0.237 f  K4_IBUF_inst/O
                         net (fo=1, routed)           0.874     1.110    K4_IBUF
    SLICE_X0Y82          LUT1 (Prop_lut1_I0_O)        0.045     1.155 r  L4_OBUF_inst_i_1/O
                         net (fo=1, routed)           0.799     1.955    L4_OBUF
    B16                  OBUF (Prop_obuf_I_O)         1.204     3.159 r  L4_OBUF_inst/O
                         net (fo=0)                   0.000     3.159    L4
    B16                                                               r  L4 (OUT)
  -------------------------------------------------------------------    -------------------

Slack:                    inf
  Source:                 K3
                            (input port)
  Destination:            L3
                            (output port)
  Path Group:             (none)
  Path Type:              Min at Fast Process Corner
  Data Path Delay:        3.173ns  (logic 1.492ns (47.006%)  route 1.682ns (52.994%))
  Logic Levels:           3  (IBUF=1 LUT1=1 OBUF=1)

    Location             Delay type                Incr(ns)  Path(ns)    Netlist Resource(s)
  -------------------------------------------------------------------    -------------------
    G17                                               0.000     0.000 f  K3 (IN)
                         net (fo=0)                   0.000     0.000    K3
    G17                  IBUF (Prop_ibuf_I_O)         0.242     0.242 f  K3_IBUF_inst/O
                         net (fo=1, routed)           0.880     1.122    K3_IBUF
    SLICE_X0Y80          LUT1 (Prop_lut1_I0_O)        0.045     1.167 r  L3_OBUF_inst_i_1/O
                         net (fo=1, routed)           0.802     1.969    L3_OBUF
    C17                  OBUF (Prop_obuf_I_O)         1.204     3.173 r  L3_OBUF_inst/O
                         net (fo=0)                   0.000     3.173    L3
    C17                                                               r  L3 (OUT)
  -------------------------------------------------------------------    -------------------





