
*** Running vivado
    with args -log Bit4Buffer.vds -m64 -product Vivado -mode batch -messageDb vivado.pb -notrace -source Bit4Buffer.tcl


****** Vivado v2023.1.1 (64-bit)
  **** SW Build 3900603 on Fri Jun 16 19:30:25 MDT 2023
  **** IP Build 3900379 on Sat Jun 17 05:28:05 MDT 2023
  **** SharedData Build 3899622 on Fri Jun 16 03:34:24 MDT 2023
    ** Copyright 1986-2022 Xilinx, Inc. All Rights Reserved.
    ** Copyright 2022-2023 Advanced Micro Devices, Inc. All Rights Reserved.

source Bit4Buffer.tcl -notrace
create_project: Time (s): cpu = 00:00:07 ; elapsed = 00:00:07 . Memory (MB): peak = 1336.480 ; gain = 0.023 ; free physical = 8228 ; free virtual = 11811
Command: read_checkpoint -auto_incremental -incremental {/home/mikkel/repoes/ESD3/ESD3-Opgaver/Digital hardware design/KG4/EX3/EX3.srcs/utils_1/imports/synth_1/Bit4Buffer.dcp}
INFO: [Vivado 12-5825] Read reference checkpoint from /home/mikkel/repoes/ESD3/ESD3-Opgaver/Digital hardware design/KG4/EX3/EX3.srcs/utils_1/imports/synth_1/Bit4Buffer.dcp for incremental synthesis
INFO: [Vivado 12-7989] Please ensure there are no constraint changes
Command: synth_design -top Bit4Buffer -part xc7a35tcpg236-1
Starting synth_design
Attempting to get a license for feature 'Synthesis' and/or device 'xc7a35t'
INFO: [Common 17-349] Got license for feature 'Synthesis' and/or device 'xc7a35t'
INFO: [Device 21-403] Loading part xc7a35tcpg236-1
INFO: [Designutils 20-5440] No compile time benefit to using incremental synthesis; A full resynthesis will be run
INFO: [Designutils 20-4379] Flow is switching to default flow due to incremental criteria not met. If you would like to alter this behaviour and have the flow terminate instead, please set the following parameter config_implementation {autoIncr.Synth.RejectBehavior Terminate}
INFO: [Synth 8-7079] Multithreading enabled for synth_design using a maximum of 4 processes.
INFO: [Synth 8-7078] Launching helper process for spawning children vivado processes
INFO: [Synth 8-7075] Helper process launched with PID 11813
---------------------------------------------------------------------------------
Starting RTL Elaboration : Time (s): cpu = 00:00:04 ; elapsed = 00:00:04 . Memory (MB): peak = 1996.414 ; gain = 377.801 ; free physical = 7254 ; free virtual = 10838
---------------------------------------------------------------------------------
INFO: [Synth 8-638] synthesizing module 'Bit4Buffer' [/home/mikkel/repoes/ESD3/ESD3-Opgaver/Digital hardware design/KG4/EX3/EX3.srcs/sources_1/new/4-bit-buffer.vhd:42]
INFO: [Synth 8-256] done synthesizing module 'Bit4Buffer' (0#1) [/home/mikkel/repoes/ESD3/ESD3-Opgaver/Digital hardware design/KG4/EX3/EX3.srcs/sources_1/new/4-bit-buffer.vhd:42]
---------------------------------------------------------------------------------
Finished RTL Elaboration : Time (s): cpu = 00:00:05 ; elapsed = 00:00:06 . Memory (MB): peak = 2062.383 ; gain = 443.770 ; free physical = 7176 ; free virtual = 10760
---------------------------------------------------------------------------------
---------------------------------------------------------------------------------
Start Handling Custom Attributes
---------------------------------------------------------------------------------
---------------------------------------------------------------------------------
Finished Handling Custom Attributes : Time (s): cpu = 00:00:05 ; elapsed = 00:00:06 . Memory (MB): peak = 2080.195 ; gain = 461.582 ; free physical = 7164 ; free virtual = 10748
---------------------------------------------------------------------------------
---------------------------------------------------------------------------------
Finished RTL Optimization Phase 1 : Time (s): cpu = 00:00:05 ; elapsed = 00:00:06 . Memory (MB): peak = 2080.195 ; gain = 461.582 ; free physical = 7164 ; free virtual = 10748
---------------------------------------------------------------------------------
Netlist sorting complete. Time (s): cpu = 00:00:00 ; elapsed = 00:00:00 . Memory (MB): peak = 2080.195 ; gain = 0.000 ; free physical = 7164 ; free virtual = 10748
INFO: [Project 1-570] Preparing netlist for logic optimization

Processing XDC Constraints
Initializing timing engine
Parsing XDC File [/home/mikkel/repoes/ESD3/ESD3-Opgaver/Digital hardware design/KG4/EX3/EX3.srcs/constrs_1/new/EX3.xdc]
WARNING: [Vivado 12-507] No nets matched 'BT0_IBUF'. [/home/mikkel/repoes/ESD3/ESD3-Opgaver/Digital hardware design/KG4/EX3/EX3.srcs/constrs_1/new/EX3.xdc:23]
CRITICAL WARNING: [Common 17-163] Missing value for option 'objects', please type 'set_property -help' for usage info. [/home/mikkel/repoes/ESD3/ESD3-Opgaver/Digital hardware design/KG4/EX3/EX3.srcs/constrs_1/new/EX3.xdc:23]
Finished Parsing XDC File [/home/mikkel/repoes/ESD3/ESD3-Opgaver/Digital hardware design/KG4/EX3/EX3.srcs/constrs_1/new/EX3.xdc]
INFO: [Project 1-236] Implementation specific constraints were found while reading constraint file [/home/mikkel/repoes/ESD3/ESD3-Opgaver/Digital hardware design/KG4/EX3/EX3.srcs/constrs_1/new/EX3.xdc]. These constraints will be ignored for synthesis but will be used in implementation. Impacted constraints are listed in the file [.Xil/Bit4Buffer_propImpl.xdc].
Resolution: To avoid this warning, move constraints listed in [.Xil/Bit4Buffer_propImpl.xdc] to another XDC file and exclude this new file from synthesis with the used_in_synthesis property (File Properties dialog in GUI) and re-run elaboration/synthesis.
Completed Processing XDC Constraints

Netlist sorting complete. Time (s): cpu = 00:00:00 ; elapsed = 00:00:00 . Memory (MB): peak = 2163.930 ; gain = 0.000 ; free physical = 7115 ; free virtual = 10700
INFO: [Project 1-111] Unisim Transformation Summary:
No Unisim elements were transformed.

Constraint Validation Runtime : Time (s): cpu = 00:00:00 ; elapsed = 00:00:00 . Memory (MB): peak = 2163.930 ; gain = 0.000 ; free physical = 7115 ; free virtual = 10700
INFO: [Designutils 20-5440] No compile time benefit to using incremental synthesis; A full resynthesis will be run
INFO: [Designutils 20-4379] Flow is switching to default flow due to incremental criteria not met. If you would like to alter this behaviour and have the flow terminate instead, please set the following parameter config_implementation {autoIncr.Synth.RejectBehavior Terminate}
---------------------------------------------------------------------------------
Finished Constraint Validation : Time (s): cpu = 00:00:11 ; elapsed = 00:00:12 . Memory (MB): peak = 2163.930 ; gain = 545.316 ; free physical = 7114 ; free virtual = 10698
---------------------------------------------------------------------------------
---------------------------------------------------------------------------------
Start Loading Part and Timing Information
---------------------------------------------------------------------------------
Loading part: xc7a35tcpg236-1
---------------------------------------------------------------------------------
Finished Loading Part and Timing Information : Time (s): cpu = 00:00:11 ; elapsed = 00:00:12 . Memory (MB): peak = 2163.930 ; gain = 545.316 ; free physical = 7114 ; free virtual = 10698
---------------------------------------------------------------------------------
---------------------------------------------------------------------------------
Start Applying 'set_property' XDC Constraints
---------------------------------------------------------------------------------
---------------------------------------------------------------------------------
Finished applying 'set_property' XDC Constraints : Time (s): cpu = 00:00:11 ; elapsed = 00:00:12 . Memory (MB): peak = 2163.930 ; gain = 545.316 ; free physical = 7114 ; free virtual = 10698
---------------------------------------------------------------------------------
---------------------------------------------------------------------------------
Finished RTL Optimization Phase 2 : Time (s): cpu = 00:00:12 ; elapsed = 00:00:12 . Memory (MB): peak = 2163.930 ; gain = 545.316 ; free physical = 7112 ; free virtual = 10697
---------------------------------------------------------------------------------
---------------------------------------------------------------------------------
Start RTL Component Statistics 
---------------------------------------------------------------------------------
Detailed RTL Component Info : 
+---Registers : 
	                4 Bit    Registers := 2     
---------------------------------------------------------------------------------
Finished RTL Component Statistics 
---------------------------------------------------------------------------------
---------------------------------------------------------------------------------
Start Part Resource Summary
---------------------------------------------------------------------------------
Part Resources:
DSPs: 90 (col length:60)
BRAMs: 100 (col length: RAMB18 60 RAMB36 30)
---------------------------------------------------------------------------------
Finished Part Resource Summary
---------------------------------------------------------------------------------
---------------------------------------------------------------------------------
Start Cross Boundary and Area Optimization
---------------------------------------------------------------------------------
WARNING: [Synth 8-7080] Parallel synthesis criteria is not met
---------------------------------------------------------------------------------
Finished Cross Boundary and Area Optimization : Time (s): cpu = 00:00:13 ; elapsed = 00:00:13 . Memory (MB): peak = 2163.930 ; gain = 545.316 ; free physical = 7109 ; free virtual = 10698
---------------------------------------------------------------------------------
---------------------------------------------------------------------------------
Start Applying XDC Timing Constraints
---------------------------------------------------------------------------------
---------------------------------------------------------------------------------
Finished Applying XDC Timing Constraints : Time (s): cpu = 00:00:17 ; elapsed = 00:00:18 . Memory (MB): peak = 2163.930 ; gain = 545.316 ; free physical = 7108 ; free virtual = 10697
---------------------------------------------------------------------------------
---------------------------------------------------------------------------------
Start Timing Optimization
---------------------------------------------------------------------------------
---------------------------------------------------------------------------------
Finished Timing Optimization : Time (s): cpu = 00:00:17 ; elapsed = 00:00:18 . Memory (MB): peak = 2163.930 ; gain = 545.316 ; free physical = 7108 ; free virtual = 10697
---------------------------------------------------------------------------------
---------------------------------------------------------------------------------
Start Technology Mapping
---------------------------------------------------------------------------------
---------------------------------------------------------------------------------
Finished Technology Mapping : Time (s): cpu = 00:00:17 ; elapsed = 00:00:18 . Memory (MB): peak = 2163.930 ; gain = 545.316 ; free physical = 7108 ; free virtual = 10697
---------------------------------------------------------------------------------
---------------------------------------------------------------------------------
Start IO Insertion
---------------------------------------------------------------------------------
---------------------------------------------------------------------------------
Start Flattening Before IO Insertion
---------------------------------------------------------------------------------
---------------------------------------------------------------------------------
Finished Flattening Before IO Insertion
---------------------------------------------------------------------------------
---------------------------------------------------------------------------------
Start Final Netlist Cleanup
---------------------------------------------------------------------------------
---------------------------------------------------------------------------------
Finished Final Netlist Cleanup
---------------------------------------------------------------------------------
---------------------------------------------------------------------------------
Finished IO Insertion : Time (s): cpu = 00:00:21 ; elapsed = 00:00:22 . Memory (MB): peak = 2163.930 ; gain = 545.316 ; free physical = 7108 ; free virtual = 10697
---------------------------------------------------------------------------------
---------------------------------------------------------------------------------
Start Renaming Generated Instances
---------------------------------------------------------------------------------
---------------------------------------------------------------------------------
Finished Renaming Generated Instances : Time (s): cpu = 00:00:21 ; elapsed = 00:00:22 . Memory (MB): peak = 2163.930 ; gain = 545.316 ; free physical = 7108 ; free virtual = 10697
---------------------------------------------------------------------------------
---------------------------------------------------------------------------------
Start Rebuilding User Hierarchy
---------------------------------------------------------------------------------
---------------------------------------------------------------------------------
Finished Rebuilding User Hierarchy : Time (s): cpu = 00:00:21 ; elapsed = 00:00:22 . Memory (MB): peak = 2163.930 ; gain = 545.316 ; free physical = 7108 ; free virtual = 10697
---------------------------------------------------------------------------------
---------------------------------------------------------------------------------
Start Renaming Generated Ports
---------------------------------------------------------------------------------
---------------------------------------------------------------------------------
Finished Renaming Generated Ports : Time (s): cpu = 00:00:21 ; elapsed = 00:00:22 . Memory (MB): peak = 2163.930 ; gain = 545.316 ; free physical = 7108 ; free virtual = 10697
---------------------------------------------------------------------------------
---------------------------------------------------------------------------------
Start Handling Custom Attributes
---------------------------------------------------------------------------------
---------------------------------------------------------------------------------
Finished Handling Custom Attributes : Time (s): cpu = 00:00:21 ; elapsed = 00:00:22 . Memory (MB): peak = 2163.930 ; gain = 545.316 ; free physical = 7108 ; free virtual = 10697
---------------------------------------------------------------------------------
---------------------------------------------------------------------------------
Start Renaming Generated Nets
---------------------------------------------------------------------------------
---------------------------------------------------------------------------------
Finished Renaming Generated Nets : Time (s): cpu = 00:00:21 ; elapsed = 00:00:22 . Memory (MB): peak = 2163.930 ; gain = 545.316 ; free physical = 7108 ; free virtual = 10697
---------------------------------------------------------------------------------
---------------------------------------------------------------------------------
Start Writing Synthesis Report
---------------------------------------------------------------------------------

Report BlackBoxes: 
+-+--------------+----------+
| |BlackBox name |Instances |
+-+--------------+----------+
+-+--------------+----------+

Report Cell Usage: 
+------+-----+------+
|      |Cell |Count |
+------+-----+------+
|1     |BUFG |     1|
|2     |LUT2 |     1|
|3     |FDRE |     8|
|4     |IBUF |     7|
|5     |OBUF |     4|
+------+-----+------+
---------------------------------------------------------------------------------
Finished Writing Synthesis Report : Time (s): cpu = 00:00:21 ; elapsed = 00:00:22 . Memory (MB): peak = 2163.930 ; gain = 545.316 ; free physical = 7108 ; free virtual = 10697
---------------------------------------------------------------------------------
Synthesis finished with 0 errors, 0 critical warnings and 1 warnings.
Synthesis Optimization Runtime : Time (s): cpu = 00:00:20 ; elapsed = 00:00:21 . Memory (MB): peak = 2163.930 ; gain = 461.582 ; free physical = 7108 ; free virtual = 10697
Synthesis Optimization Complete : Time (s): cpu = 00:00:22 ; elapsed = 00:00:22 . Memory (MB): peak = 2163.938 ; gain = 545.316 ; free physical = 7108 ; free virtual = 10697
INFO: [Project 1-571] Translating synthesized netlist
Netlist sorting complete. Time (s): cpu = 00:00:00 ; elapsed = 00:00:00 . Memory (MB): peak = 2163.938 ; gain = 0.000 ; free physical = 7108 ; free virtual = 10697
INFO: [Project 1-570] Preparing netlist for logic optimization
INFO: [Opt 31-138] Pushed 0 inverter(s) to 0 load pin(s).
Netlist sorting complete. Time (s): cpu = 00:00:00 ; elapsed = 00:00:00 . Memory (MB): peak = 2163.938 ; gain = 0.000 ; free physical = 7396 ; free virtual = 10984
INFO: [Project 1-111] Unisim Transformation Summary:
No Unisim elements were transformed.

Synth Design complete | Checksum: b2b58c30
INFO: [Common 17-83] Releasing license: Synthesis
21 Infos, 2 Warnings, 1 Critical Warnings and 0 Errors encountered.
synth_design completed successfully
synth_design: Time (s): cpu = 00:00:28 ; elapsed = 00:00:26 . Memory (MB): peak = 2163.938 ; gain = 827.457 ; free physical = 7395 ; free virtual = 10984
INFO: [Common 17-2834] synth_design peak Physical Memory [PSS] (MB): overall = 1802.436; main = 1472.737; forked = 378.816
INFO: [Common 17-2834] synth_design peak Virtual Memory [VSS] (MB): overall = 3133.465; main = 2163.930; forked = 969.535
INFO: [runtcl-6] Synthesis results are not added to the cache due to CRITICAL_WARNING
INFO: [Common 17-1381] The checkpoint '/home/mikkel/repoes/ESD3/ESD3-Opgaver/Digital hardware design/KG4/EX3/EX3.runs/synth_1/Bit4Buffer.dcp' has been generated.
INFO: [runtcl-4] Executing : report_utilization -file Bit4Buffer_utilization_synth.rpt -pb Bit4Buffer_utilization_synth.pb
INFO: [Common 17-206] Exiting Vivado at Thu Sep 14 13:23:34 2023...
