Copyright 1986-2022 Xilinx, Inc. All Rights Reserved. Copyright 2022-2023 Advanced Micro Devices, Inc. All Rights Reserved.
------------------------------------------------------------------------------------------------------------------------------------------------------------------------------------------------------
| Tool Version : Vivado v.2023.1 (lin64) Build 3865809 Sun May  7 15:04:56 MDT 2023
| Date         : Thu Sep 14 11:30:58 2023
| Host         : Lenova running 64-bit Debian GNU/Linux trixie/sid
| Command      : report_timing_summary -max_paths 10 -report_unconstrained -file Top_timing_summary_routed.rpt -pb Top_timing_summary_routed.pb -rpx Top_timing_summary_routed.rpx -warn_on_violation
| Design       : Top
| Device       : 7a35t-cpg236
| Speed File   : -1  PRODUCTION 1.23 2018-06-13
| Design State : Routed
------------------------------------------------------------------------------------------------------------------------------------------------------------------------------------------------------

Timing Summary Report

------------------------------------------------------------------------------------------------
| Timer Settings
| --------------
------------------------------------------------------------------------------------------------

  Enable Multi Corner Analysis               :  Yes
  Enable Pessimism Removal                   :  Yes
  Pessimism Removal Resolution               :  Nearest Common Node
  Enable Input Delay Default Clock           :  No
  Enable Preset / Clear Arcs                 :  No
  Disable Flight Delays                      :  No
  Ignore I/O Paths                           :  No
  Timing Early Launch at Borrowing Latches   :  No
  Borrow Time for Max Delay Exceptions       :  Yes
  Merge Timing Exceptions                    :  Yes

  Corner  Analyze    Analyze    
  Name    Max Paths  Min Paths  
  ------  ---------  ---------  
  Slow    Yes        Yes        
  Fast    Yes        Yes        


------------------------------------------------------------------------------------------------
| Report Methodology
| ------------------
------------------------------------------------------------------------------------------------

Rule       Severity          Description                  Violations  
---------  ----------------  ---------------------------  ----------  
TIMING-17  Critical Warning  Non-clocked sequential cell  6           

Note: This report is based on the most recent report_methodology run and may not be up-to-date. Run report_methodology on the current design for the latest report.



check_timing report

Table of Contents
-----------------
1. checking no_clock (6)
2. checking constant_clock (0)
3. checking pulse_width_clock (0)
4. checking unconstrained_internal_endpoints (6)
5. checking no_input_delay (1)
6. checking no_output_delay (4)
7. checking multiple_clock (0)
8. checking generated_clocks (0)
9. checking loops (0)
10. checking partial_input_delay (0)
11. checking partial_output_delay (0)
12. checking latch_loops (0)

1. checking no_clock (6)
------------------------
 There are 6 register/latch pins with no clock driven by root clock pin: BT0 (HIGH)


2. checking constant_clock (0)
------------------------------
 There are 0 register/latch pins with constant_clock.


3. checking pulse_width_clock (0)
---------------------------------
 There are 0 register/latch pins which need pulse_width check


4. checking unconstrained_internal_endpoints (6)
------------------------------------------------
 There are 6 pins that are not constrained for maximum delay. (HIGH)

 There are 0 pins that are not constrained for maximum delay due to constant clock.


5. checking no_input_delay (1)
------------------------------
 There is 1 input port with no input delay specified. (HIGH)

 There are 0 input ports with no input delay but user has a false path constraint.


6. checking no_output_delay (4)
-------------------------------
 There are 4 ports with no output delay specified. (HIGH)

 There are 0 ports with no output delay but user has a false path constraint

 There are 0 ports with no output delay but with a timing clock defined on it or propagating through it


7. checking multiple_clock (0)
------------------------------
 There are 0 register/latch pins with multiple clocks.


8. checking generated_clocks (0)
--------------------------------
 There are 0 generated clocks that are not connected to a clock source.


9. checking loops (0)
---------------------
 There are 0 combinational loops in the design.


10. checking partial_input_delay (0)
------------------------------------
 There are 0 input ports with partial input delay specified.


11. checking partial_output_delay (0)
-------------------------------------
 There are 0 ports with partial output delay specified.


12. checking latch_loops (0)
----------------------------
 There are 0 combinational latch loops in the design through latch input



------------------------------------------------------------------------------------------------
| Design Timing Summary
| ---------------------
------------------------------------------------------------------------------------------------

    WNS(ns)      TNS(ns)  TNS Failing Endpoints  TNS Total Endpoints      WHS(ns)      THS(ns)  THS Failing Endpoints  THS Total Endpoints     WPWS(ns)     TPWS(ns)  TPWS Failing Endpoints  TPWS Total Endpoints  
    -------      -------  ---------------------  -------------------      -------      -------  ---------------------  -------------------     --------     --------  ----------------------  --------------------  
        inf        0.000                      0                   10          inf        0.000                      0                   10           NA           NA                      NA                    NA  


There are no user specified timing constraints.


------------------------------------------------------------------------------------------------
| Clock Summary
| -------------
------------------------------------------------------------------------------------------------


------------------------------------------------------------------------------------------------
| Intra Clock Table
| -----------------
------------------------------------------------------------------------------------------------

Clock             WNS(ns)      TNS(ns)  TNS Failing Endpoints  TNS Total Endpoints      WHS(ns)      THS(ns)  THS Failing Endpoints  THS Total Endpoints     WPWS(ns)     TPWS(ns)  TPWS Failing Endpoints  TPWS Total Endpoints  
-----             -------      -------  ---------------------  -------------------      -------      -------  ---------------------  -------------------     --------     --------  ----------------------  --------------------  


------------------------------------------------------------------------------------------------
| Inter Clock Table
| -----------------
------------------------------------------------------------------------------------------------

From Clock    To Clock          WNS(ns)      TNS(ns)  TNS Failing Endpoints  TNS Total Endpoints      WHS(ns)      THS(ns)  THS Failing Endpoints  THS Total Endpoints  
----------    --------          -------      -------  ---------------------  -------------------      -------      -------  ---------------------  -------------------  


------------------------------------------------------------------------------------------------
| Other Path Groups Table
| -----------------------
------------------------------------------------------------------------------------------------

Path Group    From Clock    To Clock          WNS(ns)      TNS(ns)  TNS Failing Endpoints  TNS Total Endpoints      WHS(ns)      THS(ns)  THS Failing Endpoints  THS Total Endpoints  
----------    ----------    --------          -------      -------  ---------------------  -------------------      -------      -------  ---------------------  -------------------  


------------------------------------------------------------------------------------------------
| User Ignored Path Table
| -----------------------
------------------------------------------------------------------------------------------------

Path Group    From Clock    To Clock    
----------    ----------    --------    


------------------------------------------------------------------------------------------------
| Unconstrained Path Table
| ------------------------
------------------------------------------------------------------------------------------------

Path Group    From Clock    To Clock    
----------    ----------    --------    
(none)                                    


------------------------------------------------------------------------------------------------
| Timing Details
| --------------
------------------------------------------------------------------------------------------------


--------------------------------------------------------------------------------------
Path Group:  (none)
From Clock:  
  To Clock:  

Max Delay            10 Endpoints
Min Delay            10 Endpoints
--------------------------------------------------------------------------------------


Max Delay Paths
--------------------------------------------------------------------------------------
Slack:                    inf
  Source:                 buff_reg[0]/C
                            (rising edge-triggered cell FDRE)
  Destination:            LED[0]
                            (output port)
  Path Group:             (none)
  Path Type:              Max at Slow Process Corner
  Data Path Delay:        6.134ns  (logic 3.964ns (64.625%)  route 2.170ns (35.375%))
  Logic Levels:           2  (FDRE=1 OBUF=1)

    Location             Delay type                Incr(ns)  Path(ns)    Netlist Resource(s)
  -------------------------------------------------------------------    -------------------
    SLICE_X0Y112         FDRE                         0.000     0.000 r  buff_reg[0]/C
    SLICE_X0Y112         FDRE (Prop_fdre_C_Q)         0.456     0.456 r  buff_reg[0]/Q
                         net (fo=3, routed)           2.170     2.626    LED_OBUF[0]
    A17                  OBUF (Prop_obuf_I_O)         3.508     6.134 r  LED_OBUF[0]_inst/O
                         net (fo=0)                   0.000     6.134    LED[0]
    A17                                                               r  LED[0] (OUT)
  -------------------------------------------------------------------    -------------------

Slack:                    inf
  Source:                 buff_reg[2]_lopt_replica/C
                            (rising edge-triggered cell FDRE)
  Destination:            LED[2]
                            (output port)
  Path Group:             (none)
  Path Type:              Max at Slow Process Corner
  Data Path Delay:        5.659ns  (logic 3.985ns (70.426%)  route 1.673ns (29.574%))
  Logic Levels:           2  (FDRE=1 OBUF=1)

    Location             Delay type                Incr(ns)  Path(ns)    Netlist Resource(s)
  -------------------------------------------------------------------    -------------------
    SLICE_X0Y41          FDRE                         0.000     0.000 r  buff_reg[2]_lopt_replica/C
    SLICE_X0Y41          FDRE (Prop_fdre_C_Q)         0.456     0.456 r  buff_reg[2]_lopt_replica/Q
                         net (fo=1, routed)           1.673     2.129    buff_reg[2]_lopt_replica_1
    G17                  OBUF (Prop_obuf_I_O)         3.529     5.659 r  LED_OBUF[2]_inst/O
                         net (fo=0)                   0.000     5.659    LED[2]
    G17                                                               r  LED[2] (OUT)
  -------------------------------------------------------------------    -------------------

Slack:                    inf
  Source:                 buff_reg[3]/C
                            (rising edge-triggered cell FDRE)
  Destination:            LED[3]
                            (output port)
  Path Group:             (none)
  Path Type:              Max at Slow Process Corner
  Data Path Delay:        5.650ns  (logic 3.980ns (70.439%)  route 1.670ns (29.561%))
  Logic Levels:           2  (FDRE=1 OBUF=1)

    Location             Delay type                Incr(ns)  Path(ns)    Netlist Resource(s)
  -------------------------------------------------------------------    -------------------
    SLICE_X0Y41          FDRE                         0.000     0.000 r  buff_reg[3]/C
    SLICE_X0Y41          FDRE (Prop_fdre_C_Q)         0.456     0.456 r  buff_reg[3]/Q
                         net (fo=1, routed)           1.670     2.126    LED_OBUF[3]
    G19                  OBUF (Prop_obuf_I_O)         3.524     5.650 r  LED_OBUF[3]_inst/O
                         net (fo=0)                   0.000     5.650    LED[3]
    G19                                                               r  LED[3] (OUT)
  -------------------------------------------------------------------    -------------------

Slack:                    inf
  Source:                 buff_reg[1]_lopt_replica/C
                            (rising edge-triggered cell FDRE)
  Destination:            LED[1]
                            (output port)
  Path Group:             (none)
  Path Type:              Max at Slow Process Corner
  Data Path Delay:        5.620ns  (logic 3.948ns (70.250%)  route 1.672ns (29.750%))
  Logic Levels:           2  (FDRE=1 OBUF=1)

    Location             Delay type                Incr(ns)  Path(ns)    Netlist Resource(s)
  -------------------------------------------------------------------    -------------------
    SLICE_X0Y123         FDRE                         0.000     0.000 r  buff_reg[1]_lopt_replica/C
    SLICE_X0Y123         FDRE (Prop_fdre_C_Q)         0.456     0.456 r  buff_reg[1]_lopt_replica/Q
                         net (fo=1, routed)           1.672     2.128    buff_reg[1]_lopt_replica_1
    C16                  OBUF (Prop_obuf_I_O)         3.492     5.620 r  LED_OBUF[1]_inst/O
                         net (fo=0)                   0.000     5.620    LED[1]
    C16                                                               r  LED[1] (OUT)
  -------------------------------------------------------------------    -------------------

Slack:                    inf
  Source:                 buff_reg[1]/C
                            (rising edge-triggered cell FDRE)
  Destination:            buff_reg[2]_lopt_replica/D
  Path Group:             (none)
  Path Type:              Max at Slow Process Corner
  Data Path Delay:        2.531ns  (logic 0.456ns (18.016%)  route 2.075ns (81.984%))
  Logic Levels:           1  (FDRE=1)

    Location             Delay type                Incr(ns)  Path(ns)    Netlist Resource(s)
  -------------------------------------------------------------------    -------------------
    SLICE_X0Y83          FDRE                         0.000     0.000 r  buff_reg[1]/C
    SLICE_X0Y83          FDRE (Prop_fdre_C_Q)         0.456     0.456 r  buff_reg[1]/Q
                         net (fo=2, routed)           2.075     2.531    LED_OBUF[1]
    SLICE_X0Y41          FDRE                                         r  buff_reg[2]_lopt_replica/D
  -------------------------------------------------------------------    -------------------

Slack:                    inf
  Source:                 buff_reg[1]/C
                            (rising edge-triggered cell FDRE)
  Destination:            buff_reg[2]/D
  Path Group:             (none)
  Path Type:              Max at Slow Process Corner
  Data Path Delay:        2.348ns  (logic 0.456ns (19.423%)  route 1.892ns (80.577%))
  Logic Levels:           1  (FDRE=1)

    Location             Delay type                Incr(ns)  Path(ns)    Netlist Resource(s)
  -------------------------------------------------------------------    -------------------
    SLICE_X0Y83          FDRE                         0.000     0.000 r  buff_reg[1]/C
    SLICE_X0Y83          FDRE (Prop_fdre_C_Q)         0.456     0.456 r  buff_reg[1]/Q
                         net (fo=2, routed)           1.892     2.348    LED_OBUF[1]
    SLICE_X0Y41          FDRE                                         r  buff_reg[2]/D
  -------------------------------------------------------------------    -------------------

Slack:                    inf
  Source:                 SW0
                            (input port)
  Destination:            buff_reg[0]/D
  Path Group:             (none)
  Path Type:              Max at Slow Process Corner
  Data Path Delay:        2.216ns  (logic 1.456ns (65.720%)  route 0.760ns (34.280%))
  Logic Levels:           1  (IBUF=1)

    Location             Delay type                Incr(ns)  Path(ns)    Netlist Resource(s)
  -------------------------------------------------------------------    -------------------
    B18                                               0.000     0.000 r  SW0 (IN)
                         net (fo=0)                   0.000     0.000    SW0
    B18                  IBUF (Prop_ibuf_I_O)         1.456     1.456 r  SW0_IBUF_inst/O
                         net (fo=1, routed)           0.760     2.216    SW0_IBUF
    SLICE_X0Y112         FDRE                                         r  buff_reg[0]/D
  -------------------------------------------------------------------    -------------------

Slack:                    inf
  Source:                 buff_reg[0]/C
                            (rising edge-triggered cell FDRE)
  Destination:            buff_reg[1]/D
  Path Group:             (none)
  Path Type:              Max at Slow Process Corner
  Data Path Delay:        1.838ns  (logic 0.456ns (24.811%)  route 1.382ns (75.189%))
  Logic Levels:           1  (FDRE=1)

    Location             Delay type                Incr(ns)  Path(ns)    Netlist Resource(s)
  -------------------------------------------------------------------    -------------------
    SLICE_X0Y112         FDRE                         0.000     0.000 r  buff_reg[0]/C
    SLICE_X0Y112         FDRE (Prop_fdre_C_Q)         0.456     0.456 r  buff_reg[0]/Q
                         net (fo=3, routed)           1.382     1.838    LED_OBUF[0]
    SLICE_X0Y83          FDRE                                         r  buff_reg[1]/D
  -------------------------------------------------------------------    -------------------

Slack:                    inf
  Source:                 buff_reg[0]/C
                            (rising edge-triggered cell FDRE)
  Destination:            buff_reg[1]_lopt_replica/D
  Path Group:             (none)
  Path Type:              Max at Slow Process Corner
  Data Path Delay:        1.217ns  (logic 0.456ns (37.470%)  route 0.761ns (62.530%))
  Logic Levels:           1  (FDRE=1)

    Location             Delay type                Incr(ns)  Path(ns)    Netlist Resource(s)
  -------------------------------------------------------------------    -------------------
    SLICE_X0Y112         FDRE                         0.000     0.000 r  buff_reg[0]/C
    SLICE_X0Y112         FDRE (Prop_fdre_C_Q)         0.456     0.456 r  buff_reg[0]/Q
                         net (fo=3, routed)           0.761     1.217    LED_OBUF[0]
    SLICE_X0Y123         FDRE                                         r  buff_reg[1]_lopt_replica/D
  -------------------------------------------------------------------    -------------------

Slack:                    inf
  Source:                 buff_reg[2]/C
                            (rising edge-triggered cell FDRE)
  Destination:            buff_reg[3]/D
  Path Group:             (none)
  Path Type:              Max at Slow Process Corner
  Data Path Delay:        0.791ns  (logic 0.456ns (57.679%)  route 0.335ns (42.321%))
  Logic Levels:           1  (FDRE=1)

    Location             Delay type                Incr(ns)  Path(ns)    Netlist Resource(s)
  -------------------------------------------------------------------    -------------------
    SLICE_X0Y41          FDRE                         0.000     0.000 r  buff_reg[2]/C
    SLICE_X0Y41          FDRE (Prop_fdre_C_Q)         0.456     0.456 r  buff_reg[2]/Q
                         net (fo=1, routed)           0.335     0.791    LED_OBUF[2]
    SLICE_X0Y41          FDRE                                         r  buff_reg[3]/D
  -------------------------------------------------------------------    -------------------





Min Delay Paths
--------------------------------------------------------------------------------------
Slack:                    inf
  Source:                 buff_reg[2]/C
                            (rising edge-triggered cell FDRE)
  Destination:            buff_reg[3]/D
  Path Group:             (none)
  Path Type:              Min at Fast Process Corner
  Data Path Delay:        0.255ns  (logic 0.141ns (55.385%)  route 0.114ns (44.615%))
  Logic Levels:           1  (FDRE=1)

    Location             Delay type                Incr(ns)  Path(ns)    Netlist Resource(s)
  -------------------------------------------------------------------    -------------------
    SLICE_X0Y41          FDRE                         0.000     0.000 r  buff_reg[2]/C
    SLICE_X0Y41          FDRE (Prop_fdre_C_Q)         0.141     0.141 r  buff_reg[2]/Q
                         net (fo=1, routed)           0.114     0.255    LED_OBUF[2]
    SLICE_X0Y41          FDRE                                         r  buff_reg[3]/D
  -------------------------------------------------------------------    -------------------

Slack:                    inf
  Source:                 buff_reg[0]/C
                            (rising edge-triggered cell FDRE)
  Destination:            buff_reg[1]_lopt_replica/D
  Path Group:             (none)
  Path Type:              Min at Fast Process Corner
  Data Path Delay:        0.456ns  (logic 0.141ns (30.922%)  route 0.315ns (69.078%))
  Logic Levels:           1  (FDRE=1)

    Location             Delay type                Incr(ns)  Path(ns)    Netlist Resource(s)
  -------------------------------------------------------------------    -------------------
    SLICE_X0Y112         FDRE                         0.000     0.000 r  buff_reg[0]/C
    SLICE_X0Y112         FDRE (Prop_fdre_C_Q)         0.141     0.141 r  buff_reg[0]/Q
                         net (fo=3, routed)           0.315     0.456    LED_OBUF[0]
    SLICE_X0Y123         FDRE                                         r  buff_reg[1]_lopt_replica/D
  -------------------------------------------------------------------    -------------------

Slack:                    inf
  Source:                 SW0
                            (input port)
  Destination:            buff_reg[0]/D
  Path Group:             (none)
  Path Type:              Min at Fast Process Corner
  Data Path Delay:        0.524ns  (logic 0.224ns (42.814%)  route 0.300ns (57.186%))
  Logic Levels:           1  (IBUF=1)

    Location             Delay type                Incr(ns)  Path(ns)    Netlist Resource(s)
  -------------------------------------------------------------------    -------------------
    B18                                               0.000     0.000 r  SW0 (IN)
                         net (fo=0)                   0.000     0.000    SW0
    B18                  IBUF (Prop_ibuf_I_O)         0.224     0.224 r  SW0_IBUF_inst/O
                         net (fo=1, routed)           0.300     0.524    SW0_IBUF
    SLICE_X0Y112         FDRE                                         r  buff_reg[0]/D
  -------------------------------------------------------------------    -------------------

Slack:                    inf
  Source:                 buff_reg[0]/C
                            (rising edge-triggered cell FDRE)
  Destination:            buff_reg[1]/D
  Path Group:             (none)
  Path Type:              Min at Fast Process Corner
  Data Path Delay:        0.708ns  (logic 0.141ns (19.918%)  route 0.567ns (80.082%))
  Logic Levels:           1  (FDRE=1)

    Location             Delay type                Incr(ns)  Path(ns)    Netlist Resource(s)
  -------------------------------------------------------------------    -------------------
    SLICE_X0Y112         FDRE                         0.000     0.000 r  buff_reg[0]/C
    SLICE_X0Y112         FDRE (Prop_fdre_C_Q)         0.141     0.141 r  buff_reg[0]/Q
                         net (fo=3, routed)           0.567     0.708    LED_OBUF[0]
    SLICE_X0Y83          FDRE                                         r  buff_reg[1]/D
  -------------------------------------------------------------------    -------------------

Slack:                    inf
  Source:                 buff_reg[1]/C
                            (rising edge-triggered cell FDRE)
  Destination:            buff_reg[2]/D
  Path Group:             (none)
  Path Type:              Min at Fast Process Corner
  Data Path Delay:        0.933ns  (logic 0.141ns (15.117%)  route 0.792ns (84.883%))
  Logic Levels:           1  (FDRE=1)

    Location             Delay type                Incr(ns)  Path(ns)    Netlist Resource(s)
  -------------------------------------------------------------------    -------------------
    SLICE_X0Y83          FDRE                         0.000     0.000 r  buff_reg[1]/C
    SLICE_X0Y83          FDRE (Prop_fdre_C_Q)         0.141     0.141 r  buff_reg[1]/Q
                         net (fo=2, routed)           0.792     0.933    LED_OBUF[1]
    SLICE_X0Y41          FDRE                                         r  buff_reg[2]/D
  -------------------------------------------------------------------    -------------------

Slack:                    inf
  Source:                 buff_reg[1]/C
                            (rising edge-triggered cell FDRE)
  Destination:            buff_reg[2]_lopt_replica/D
  Path Group:             (none)
  Path Type:              Min at Fast Process Corner
  Data Path Delay:        0.987ns  (logic 0.141ns (14.284%)  route 0.846ns (85.716%))
  Logic Levels:           1  (FDRE=1)

    Location             Delay type                Incr(ns)  Path(ns)    Netlist Resource(s)
  -------------------------------------------------------------------    -------------------
    SLICE_X0Y83          FDRE                         0.000     0.000 r  buff_reg[1]/C
    SLICE_X0Y83          FDRE (Prop_fdre_C_Q)         0.141     0.141 r  buff_reg[1]/Q
                         net (fo=2, routed)           0.846     0.987    LED_OBUF[1]
    SLICE_X0Y41          FDRE                                         r  buff_reg[2]_lopt_replica/D
  -------------------------------------------------------------------    -------------------

Slack:                    inf
  Source:                 buff_reg[1]_lopt_replica/C
                            (rising edge-triggered cell FDRE)
  Destination:            LED[1]
                            (output port)
  Path Group:             (none)
  Path Type:              Min at Fast Process Corner
  Data Path Delay:        1.657ns  (logic 1.334ns (80.513%)  route 0.323ns (19.487%))
  Logic Levels:           2  (FDRE=1 OBUF=1)

    Location             Delay type                Incr(ns)  Path(ns)    Netlist Resource(s)
  -------------------------------------------------------------------    -------------------
    SLICE_X0Y123         FDRE                         0.000     0.000 r  buff_reg[1]_lopt_replica/C
    SLICE_X0Y123         FDRE (Prop_fdre_C_Q)         0.141     0.141 r  buff_reg[1]_lopt_replica/Q
                         net (fo=1, routed)           0.323     0.464    buff_reg[1]_lopt_replica_1
    C16                  OBUF (Prop_obuf_I_O)         1.193     1.657 r  LED_OBUF[1]_inst/O
                         net (fo=0)                   0.000     1.657    LED[1]
    C16                                                               r  LED[1] (OUT)
  -------------------------------------------------------------------    -------------------

Slack:                    inf
  Source:                 buff_reg[2]_lopt_replica/C
                            (rising edge-triggered cell FDRE)
  Destination:            LED[2]
                            (output port)
  Path Group:             (none)
  Path Type:              Min at Fast Process Corner
  Data Path Delay:        1.690ns  (logic 1.371ns (81.102%)  route 0.319ns (18.898%))
  Logic Levels:           2  (FDRE=1 OBUF=1)

    Location             Delay type                Incr(ns)  Path(ns)    Netlist Resource(s)
  -------------------------------------------------------------------    -------------------
    SLICE_X0Y41          FDRE                         0.000     0.000 r  buff_reg[2]_lopt_replica/C
    SLICE_X0Y41          FDRE (Prop_fdre_C_Q)         0.141     0.141 r  buff_reg[2]_lopt_replica/Q
                         net (fo=1, routed)           0.319     0.460    buff_reg[2]_lopt_replica_1
    G17                  OBUF (Prop_obuf_I_O)         1.230     1.690 r  LED_OBUF[2]_inst/O
                         net (fo=0)                   0.000     1.690    LED[2]
    G17                                                               r  LED[2] (OUT)
  -------------------------------------------------------------------    -------------------

Slack:                    inf
  Source:                 buff_reg[3]/C
                            (rising edge-triggered cell FDRE)
  Destination:            LED[3]
                            (output port)
  Path Group:             (none)
  Path Type:              Min at Fast Process Corner
  Data Path Delay:        1.701ns  (logic 1.366ns (80.295%)  route 0.335ns (19.705%))
  Logic Levels:           2  (FDRE=1 OBUF=1)

    Location             Delay type                Incr(ns)  Path(ns)    Netlist Resource(s)
  -------------------------------------------------------------------    -------------------
    SLICE_X0Y41          FDRE                         0.000     0.000 r  buff_reg[3]/C
    SLICE_X0Y41          FDRE (Prop_fdre_C_Q)         0.141     0.141 r  buff_reg[3]/Q
                         net (fo=1, routed)           0.335     0.476    LED_OBUF[3]
    G19                  OBUF (Prop_obuf_I_O)         1.225     1.701 r  LED_OBUF[3]_inst/O
                         net (fo=0)                   0.000     1.701    LED[3]
    G19                                                               r  LED[3] (OUT)
  -------------------------------------------------------------------    -------------------

Slack:                    inf
  Source:                 buff_reg[0]/C
                            (rising edge-triggered cell FDRE)
  Destination:            LED[0]
                            (output port)
  Path Group:             (none)
  Path Type:              Min at Fast Process Corner
  Data Path Delay:        1.945ns  (logic 1.350ns (69.416%)  route 0.595ns (30.584%))
  Logic Levels:           2  (FDRE=1 OBUF=1)

    Location             Delay type                Incr(ns)  Path(ns)    Netlist Resource(s)
  -------------------------------------------------------------------    -------------------
    SLICE_X0Y112         FDRE                         0.000     0.000 r  buff_reg[0]/C
    SLICE_X0Y112         FDRE (Prop_fdre_C_Q)         0.141     0.141 r  buff_reg[0]/Q
                         net (fo=3, routed)           0.595     0.736    LED_OBUF[0]
    A17                  OBUF (Prop_obuf_I_O)         1.209     1.945 r  LED_OBUF[0]_inst/O
                         net (fo=0)                   0.000     1.945    LED[0]
    A17                                                               r  LED[0] (OUT)
  -------------------------------------------------------------------    -------------------





