
*** Running vivado
    with args -log Top.vds -m64 -product Vivado -mode batch -messageDb vivado.pb -notrace -source Top.tcl


****** Vivado v2023.1 (64-bit)
  **** SW Build 3865809 on Sun May  7 15:04:56 MDT 2023
  **** IP Build 3864474 on Sun May  7 20:36:21 MDT 2023
  **** SharedData Build 3865790 on Sun May 07 13:33:03 MDT 2023
    ** Copyright 1986-2022 Xilinx, Inc. All Rights Reserved.
    ** Copyright 2022-2023 Advanced Micro Devices, Inc. All Rights Reserved.

source Top.tcl -notrace
create_project: Time (s): cpu = 00:00:06 ; elapsed = 00:00:06 . Memory (MB): peak = 1330.867 ; gain = 0.023 ; free physical = 3642 ; free virtual = 8459
Command: read_checkpoint -auto_incremental -incremental /home/fred441a/Documents/Uni/ESD3-Opgaver/DigitalHardwareDesign/KG5/Exercise_2/Exercise_2.srcs/utils_1/imports/synth_1/Top.dcp
INFO: [Vivado 12-5825] Read reference checkpoint from /home/fred441a/Documents/Uni/ESD3-Opgaver/DigitalHardwareDesign/KG5/Exercise_2/Exercise_2.srcs/utils_1/imports/synth_1/Top.dcp for incremental synthesis
INFO: [Vivado 12-7989] Please ensure there are no constraint changes
Command: synth_design -top Top -part xc7a35tcpg236-1
Starting synth_design
Attempting to get a license for feature 'Synthesis' and/or device 'xc7a35t'
INFO: [Common 17-349] Got license for feature 'Synthesis' and/or device 'xc7a35t'
INFO: [Device 21-403] Loading part xc7a35tcpg236-1
INFO: [Designutils 20-5440] No compile time benefit to using incremental synthesis; A full resynthesis will be run
INFO: [Designutils 20-4379] Flow is switching to default flow due to incremental criteria not met. If you would like to alter this behaviour and have the flow terminate instead, please set the following parameter config_implementation {autoIncr.Synth.RejectBehavior Terminate}
INFO: [Synth 8-7079] Multithreading enabled for synth_design using a maximum of 4 processes.
INFO: [Synth 8-7078] Launching helper process for spawning children vivado processes
INFO: [Synth 8-7075] Helper process launched with PID 46232
---------------------------------------------------------------------------------
Starting RTL Elaboration : Time (s): cpu = 00:00:03 ; elapsed = 00:00:04 . Memory (MB): peak = 1996.738 ; gain = 379.770 ; free physical = 2644 ; free virtual = 7462
---------------------------------------------------------------------------------
INFO: [Synth 8-638] synthesizing module 'Top' [/home/fred441a/Documents/Uni/ESD3-Opgaver/DigitalHardwareDesign/KG5/Exercise_2/Exercise_2.srcs/sources_1/new/Top.vhd:43]
INFO: [Synth 8-256] done synthesizing module 'Top' (0#1) [/home/fred441a/Documents/Uni/ESD3-Opgaver/DigitalHardwareDesign/KG5/Exercise_2/Exercise_2.srcs/sources_1/new/Top.vhd:43]
---------------------------------------------------------------------------------
Finished RTL Elaboration : Time (s): cpu = 00:00:05 ; elapsed = 00:00:05 . Memory (MB): peak = 2061.707 ; gain = 444.738 ; free physical = 2573 ; free virtual = 7392
---------------------------------------------------------------------------------
---------------------------------------------------------------------------------
Start Handling Custom Attributes
---------------------------------------------------------------------------------
---------------------------------------------------------------------------------
Finished Handling Custom Attributes : Time (s): cpu = 00:00:05 ; elapsed = 00:00:05 . Memory (MB): peak = 2079.520 ; gain = 462.551 ; free physical = 2561 ; free virtual = 7380
---------------------------------------------------------------------------------
---------------------------------------------------------------------------------
Finished RTL Optimization Phase 1 : Time (s): cpu = 00:00:05 ; elapsed = 00:00:05 . Memory (MB): peak = 2079.520 ; gain = 462.551 ; free physical = 2561 ; free virtual = 7380
---------------------------------------------------------------------------------
Netlist sorting complete. Time (s): cpu = 00:00:00 ; elapsed = 00:00:00 . Memory (MB): peak = 2079.520 ; gain = 0.000 ; free physical = 2561 ; free virtual = 7380
INFO: [Project 1-570] Preparing netlist for logic optimization

Processing XDC Constraints
Initializing timing engine
Parsing XDC File [/home/fred441a/Documents/Uni/ESD3-Opgaver/DigitalHardwareDesign/KG5/Exercise_2/Exercise_2.srcs/constrs_1/new/Top.xdc]
WARNING: [Vivado 12-507] No nets matched 'CLK_IBUF'. [/home/fred441a/Documents/Uni/ESD3-Opgaver/DigitalHardwareDesign/KG5/Exercise_2/Exercise_2.srcs/constrs_1/new/Top.xdc:23]
CRITICAL WARNING: [Common 17-55] 'set_property' expects at least one object. [/home/fred441a/Documents/Uni/ESD3-Opgaver/DigitalHardwareDesign/KG5/Exercise_2/Exercise_2.srcs/constrs_1/new/Top.xdc:23]
Resolution: If [get_<value>] was used to populate the object, check to make sure this command returns at least one valid object.
Finished Parsing XDC File [/home/fred441a/Documents/Uni/ESD3-Opgaver/DigitalHardwareDesign/KG5/Exercise_2/Exercise_2.srcs/constrs_1/new/Top.xdc]
INFO: [Project 1-236] Implementation specific constraints were found while reading constraint file [/home/fred441a/Documents/Uni/ESD3-Opgaver/DigitalHardwareDesign/KG5/Exercise_2/Exercise_2.srcs/constrs_1/new/Top.xdc]. These constraints will be ignored for synthesis but will be used in implementation. Impacted constraints are listed in the file [.Xil/Top_propImpl.xdc].
Resolution: To avoid this warning, move constraints listed in [.Xil/Top_propImpl.xdc] to another XDC file and exclude this new file from synthesis with the used_in_synthesis property (File Properties dialog in GUI) and re-run elaboration/synthesis.
Completed Processing XDC Constraints

Netlist sorting complete. Time (s): cpu = 00:00:00 ; elapsed = 00:00:00 . Memory (MB): peak = 2190.270 ; gain = 0.000 ; free physical = 2534 ; free virtual = 7352
INFO: [Project 1-111] Unisim Transformation Summary:
No Unisim elements were transformed.

Constraint Validation Runtime : Time (s): cpu = 00:00:00 ; elapsed = 00:00:00.01 . Memory (MB): peak = 2190.270 ; gain = 0.000 ; free physical = 2534 ; free virtual = 7352
INFO: [Designutils 20-5440] No compile time benefit to using incremental synthesis; A full resynthesis will be run
INFO: [Designutils 20-4379] Flow is switching to default flow due to incremental criteria not met. If you would like to alter this behaviour and have the flow terminate instead, please set the following parameter config_implementation {autoIncr.Synth.RejectBehavior Terminate}
---------------------------------------------------------------------------------
Finished Constraint Validation : Time (s): cpu = 00:00:10 ; elapsed = 00:00:10 . Memory (MB): peak = 2190.270 ; gain = 573.301 ; free physical = 2541 ; free virtual = 7359
---------------------------------------------------------------------------------
---------------------------------------------------------------------------------
Start Loading Part and Timing Information
---------------------------------------------------------------------------------
Loading part: xc7a35tcpg236-1
---------------------------------------------------------------------------------
Finished Loading Part and Timing Information : Time (s): cpu = 00:00:10 ; elapsed = 00:00:10 . Memory (MB): peak = 2190.270 ; gain = 573.301 ; free physical = 2541 ; free virtual = 7359
---------------------------------------------------------------------------------
---------------------------------------------------------------------------------
Start Applying 'set_property' XDC Constraints
---------------------------------------------------------------------------------
---------------------------------------------------------------------------------
Finished applying 'set_property' XDC Constraints : Time (s): cpu = 00:00:10 ; elapsed = 00:00:10 . Memory (MB): peak = 2190.270 ; gain = 573.301 ; free physical = 2540 ; free virtual = 7359
---------------------------------------------------------------------------------
---------------------------------------------------------------------------------
Finished RTL Optimization Phase 2 : Time (s): cpu = 00:00:10 ; elapsed = 00:00:11 . Memory (MB): peak = 2190.270 ; gain = 573.301 ; free physical = 2539 ; free virtual = 7359
---------------------------------------------------------------------------------
---------------------------------------------------------------------------------
Start RTL Component Statistics 
---------------------------------------------------------------------------------
Detailed RTL Component Info : 
+---Registers : 
	                1 Bit    Registers := 1     
---------------------------------------------------------------------------------
Finished RTL Component Statistics 
---------------------------------------------------------------------------------
---------------------------------------------------------------------------------
Start Part Resource Summary
---------------------------------------------------------------------------------
Part Resources:
DSPs: 90 (col length:60)
BRAMs: 100 (col length: RAMB18 60 RAMB36 30)
---------------------------------------------------------------------------------
Finished Part Resource Summary
---------------------------------------------------------------------------------
---------------------------------------------------------------------------------
Start Cross Boundary and Area Optimization
---------------------------------------------------------------------------------
WARNING: [Synth 8-7080] Parallel synthesis criteria is not met
---------------------------------------------------------------------------------
Finished Cross Boundary and Area Optimization : Time (s): cpu = 00:00:11 ; elapsed = 00:00:12 . Memory (MB): peak = 2190.270 ; gain = 573.301 ; free physical = 2530 ; free virtual = 7353
---------------------------------------------------------------------------------
---------------------------------------------------------------------------------
Start Applying XDC Timing Constraints
---------------------------------------------------------------------------------
---------------------------------------------------------------------------------
Finished Applying XDC Timing Constraints : Time (s): cpu = 00:00:15 ; elapsed = 00:00:16 . Memory (MB): peak = 2190.270 ; gain = 573.301 ; free physical = 2529 ; free virtual = 7351
---------------------------------------------------------------------------------
---------------------------------------------------------------------------------
Start Timing Optimization
---------------------------------------------------------------------------------
---------------------------------------------------------------------------------
Finished Timing Optimization : Time (s): cpu = 00:00:15 ; elapsed = 00:00:16 . Memory (MB): peak = 2190.270 ; gain = 573.301 ; free physical = 2529 ; free virtual = 7351
---------------------------------------------------------------------------------
---------------------------------------------------------------------------------
Start Technology Mapping
---------------------------------------------------------------------------------
---------------------------------------------------------------------------------
Finished Technology Mapping : Time (s): cpu = 00:00:15 ; elapsed = 00:00:16 . Memory (MB): peak = 2190.270 ; gain = 573.301 ; free physical = 2528 ; free virtual = 7351
---------------------------------------------------------------------------------
---------------------------------------------------------------------------------
Start IO Insertion
---------------------------------------------------------------------------------
---------------------------------------------------------------------------------
Start Flattening Before IO Insertion
---------------------------------------------------------------------------------
---------------------------------------------------------------------------------
Finished Flattening Before IO Insertion
---------------------------------------------------------------------------------
---------------------------------------------------------------------------------
Start Final Netlist Cleanup
---------------------------------------------------------------------------------
---------------------------------------------------------------------------------
Finished Final Netlist Cleanup
---------------------------------------------------------------------------------
---------------------------------------------------------------------------------
Finished IO Insertion : Time (s): cpu = 00:00:18 ; elapsed = 00:00:19 . Memory (MB): peak = 2190.270 ; gain = 573.301 ; free physical = 2529 ; free virtual = 7351
---------------------------------------------------------------------------------
---------------------------------------------------------------------------------
Start Renaming Generated Instances
---------------------------------------------------------------------------------
---------------------------------------------------------------------------------
Finished Renaming Generated Instances : Time (s): cpu = 00:00:18 ; elapsed = 00:00:19 . Memory (MB): peak = 2190.270 ; gain = 573.301 ; free physical = 2529 ; free virtual = 7351
---------------------------------------------------------------------------------
---------------------------------------------------------------------------------
Start Rebuilding User Hierarchy
---------------------------------------------------------------------------------
---------------------------------------------------------------------------------
Finished Rebuilding User Hierarchy : Time (s): cpu = 00:00:18 ; elapsed = 00:00:19 . Memory (MB): peak = 2190.270 ; gain = 573.301 ; free physical = 2529 ; free virtual = 7351
---------------------------------------------------------------------------------
---------------------------------------------------------------------------------
Start Renaming Generated Ports
---------------------------------------------------------------------------------
---------------------------------------------------------------------------------
Finished Renaming Generated Ports : Time (s): cpu = 00:00:18 ; elapsed = 00:00:19 . Memory (MB): peak = 2190.270 ; gain = 573.301 ; free physical = 2529 ; free virtual = 7351
---------------------------------------------------------------------------------
---------------------------------------------------------------------------------
Start Handling Custom Attributes
---------------------------------------------------------------------------------
---------------------------------------------------------------------------------
Finished Handling Custom Attributes : Time (s): cpu = 00:00:18 ; elapsed = 00:00:19 . Memory (MB): peak = 2190.270 ; gain = 573.301 ; free physical = 2529 ; free virtual = 7352
---------------------------------------------------------------------------------
---------------------------------------------------------------------------------
Start Renaming Generated Nets
---------------------------------------------------------------------------------
---------------------------------------------------------------------------------
Finished Renaming Generated Nets : Time (s): cpu = 00:00:18 ; elapsed = 00:00:19 . Memory (MB): peak = 2190.270 ; gain = 573.301 ; free physical = 2529 ; free virtual = 7352
---------------------------------------------------------------------------------
---------------------------------------------------------------------------------
Start Writing Synthesis Report
---------------------------------------------------------------------------------

Report BlackBoxes: 
+-+--------------+----------+
| |BlackBox name |Instances |
+-+--------------+----------+
+-+--------------+----------+

Report Cell Usage: 
+------+-------+------+
|      |Cell   |Count |
+------+-------+------+
|1     |BUFG   |     1|
|2     |CARRY4 |     6|
|3     |LUT1   |     1|
|4     |LUT3   |     1|
|5     |LUT4   |     3|
|6     |LUT6   |     3|
|7     |FDRE   |    25|
|8     |IBUF   |     1|
|9     |OBUF   |     9|
+------+-------+------+
---------------------------------------------------------------------------------
Finished Writing Synthesis Report : Time (s): cpu = 00:00:18 ; elapsed = 00:00:19 . Memory (MB): peak = 2190.270 ; gain = 573.301 ; free physical = 2529 ; free virtual = 7352
---------------------------------------------------------------------------------
Synthesis finished with 0 errors, 0 critical warnings and 1 warnings.
Synthesis Optimization Runtime : Time (s): cpu = 00:00:17 ; elapsed = 00:00:18 . Memory (MB): peak = 2190.270 ; gain = 462.551 ; free physical = 2528 ; free virtual = 7351
Synthesis Optimization Complete : Time (s): cpu = 00:00:18 ; elapsed = 00:00:19 . Memory (MB): peak = 2190.270 ; gain = 573.301 ; free physical = 2528 ; free virtual = 7351
INFO: [Project 1-571] Translating synthesized netlist
Netlist sorting complete. Time (s): cpu = 00:00:00 ; elapsed = 00:00:00 . Memory (MB): peak = 2190.270 ; gain = 0.000 ; free physical = 2528 ; free virtual = 7351
INFO: [Netlist 29-17] Analyzing 6 Unisim elements for replacement
INFO: [Netlist 29-28] Unisim Transformation completed in 0 CPU seconds
INFO: [Project 1-570] Preparing netlist for logic optimization
INFO: [Opt 31-138] Pushed 0 inverter(s) to 0 load pin(s).
Netlist sorting complete. Time (s): cpu = 00:00:00 ; elapsed = 00:00:00 . Memory (MB): peak = 2190.270 ; gain = 0.000 ; free physical = 2819 ; free virtual = 7642
INFO: [Project 1-111] Unisim Transformation Summary:
No Unisim elements were transformed.

Synth Design complete | Checksum: d934c3c4
INFO: [Common 17-83] Releasing license: Synthesis
23 Infos, 2 Warnings, 1 Critical Warnings and 0 Errors encountered.
synth_design completed successfully
synth_design: Time (s): cpu = 00:00:24 ; elapsed = 00:00:22 . Memory (MB): peak = 2190.270 ; gain = 859.402 ; free physical = 2819 ; free virtual = 7642
INFO: [Common 17-2834] synth_design peak Physical Memory [PSS] (MB): overall = 1769.479; main = 1442.446; forked = 381.779
INFO: [Common 17-2834] synth_design peak Virtual Memory [VSS] (MB): overall = 3127.574; main = 2158.254; forked = 969.320
INFO: [runtcl-6] Synthesis results are not added to the cache due to CRITICAL_WARNING
INFO: [Common 17-1381] The checkpoint '/home/fred441a/Documents/Uni/ESD3-Opgaver/DigitalHardwareDesign/KG5/Exercise_2/Exercise_2.runs/synth_1/Top.dcp' has been generated.
INFO: [runtcl-4] Executing : report_utilization -file Top_utilization_synth.rpt -pb Top_utilization_synth.pb
INFO: [Common 17-206] Exiting Vivado at Tue Sep 19 11:39:33 2023...
