
*** Running vivado
    with args -log Top.vds -m64 -product Vivado -mode batch -messageDb vivado.pb -notrace -source Top.tcl


****** Vivado v2023.1.1 (64-bit)
  **** SW Build 3900603 on Fri Jun 16 19:30:25 MDT 2023
  **** IP Build 3900379 on Sat Jun 17 05:28:05 MDT 2023
  **** SharedData Build 3899622 on Fri Jun 16 03:34:24 MDT 2023
    ** Copyright 1986-2022 Xilinx, Inc. All Rights Reserved.
    ** Copyright 2022-2023 Advanced Micro Devices, Inc. All Rights Reserved.

source Top.tcl -notrace
create_project: Time (s): cpu = 00:00:07 ; elapsed = 00:00:07 . Memory (MB): peak = 1336.484 ; gain = 0.023 ; free physical = 6376 ; free virtual = 10587
Command: read_checkpoint -auto_incremental -incremental {/home/mikkel/repoes/ESD3/ESD3-Opgaver/DigitalHardwareDesign/DHD KG7/EX 4/EX 4.srcs/utils_1/imports/synth_1/Top.dcp}
INFO: [Vivado 12-5825] Read reference checkpoint from /home/mikkel/repoes/ESD3/ESD3-Opgaver/DigitalHardwareDesign/DHD KG7/EX 4/EX 4.srcs/utils_1/imports/synth_1/Top.dcp for incremental synthesis
INFO: [Vivado 12-7989] Please ensure there are no constraint changes
Command: synth_design -top Top -part xc7a35tcpg236-1
Starting synth_design
Attempting to get a license for feature 'Synthesis' and/or device 'xc7a35t'
INFO: [Common 17-349] Got license for feature 'Synthesis' and/or device 'xc7a35t'
INFO: [Designutils 20-5440] No compile time benefit to using incremental synthesis; A full resynthesis will be run
INFO: [Designutils 20-4379] Flow is switching to default flow due to incremental criteria not met. If you would like to alter this behaviour and have the flow terminate instead, please set the following parameter config_implementation {autoIncr.Synth.RejectBehavior Terminate}
INFO: [Synth 8-7079] Multithreading enabled for synth_design using a maximum of 4 processes.
INFO: [Synth 8-7078] Launching helper process for spawning children vivado processes
INFO: [Synth 8-7075] Helper process launched with PID 25837
---------------------------------------------------------------------------------
Starting Synthesize : Time (s): cpu = 00:00:04 ; elapsed = 00:00:04 . Memory (MB): peak = 1688.316 ; gain = 351.832 ; free physical = 5754 ; free virtual = 9966
---------------------------------------------------------------------------------
INFO: [Synth 8-638] synthesizing module 'Top' [/home/mikkel/repoes/ESD3/ESD3-Opgaver/DigitalHardwareDesign/DHD KG7/EX 4/EX 4.srcs/sources_1/new/Top.vhd:44]
WARNING: [Synth 8-614] signal 'state' is read in the process but is not in the sensitivity list [/home/mikkel/repoes/ESD3/ESD3-Opgaver/DigitalHardwareDesign/DHD KG7/EX 4/EX 4.srcs/sources_1/new/Top.vhd:59]
WARNING: [Synth 8-614] signal 'NCAR' is read in the process but is not in the sensitivity list [/home/mikkel/repoes/ESD3/ESD3-Opgaver/DigitalHardwareDesign/DHD KG7/EX 4/EX 4.srcs/sources_1/new/Top.vhd:59]
INFO: [Synth 8-256] done synthesizing module 'Top' (0#1) [/home/mikkel/repoes/ESD3/ESD3-Opgaver/DigitalHardwareDesign/DHD KG7/EX 4/EX 4.srcs/sources_1/new/Top.vhd:44]
---------------------------------------------------------------------------------
Finished Synthesize : Time (s): cpu = 00:00:06 ; elapsed = 00:00:06 . Memory (MB): peak = 1755.285 ; gain = 418.801 ; free physical = 5676 ; free virtual = 9888
---------------------------------------------------------------------------------
---------------------------------------------------------------------------------
Finished Constraint Validation : Time (s): cpu = 00:00:07 ; elapsed = 00:00:07 . Memory (MB): peak = 1770.129 ; gain = 433.645 ; free physical = 5668 ; free virtual = 9880
---------------------------------------------------------------------------------
---------------------------------------------------------------------------------
Start Loading Part and Timing Information
---------------------------------------------------------------------------------
Loading part: xc7a35tcpg236-1
INFO: [Device 21-403] Loading part xc7a35tcpg236-1
---------------------------------------------------------------------------------
Finished Loading Part and Timing Information : Time (s): cpu = 00:00:07 ; elapsed = 00:00:07 . Memory (MB): peak = 1778.133 ; gain = 441.648 ; free physical = 5664 ; free virtual = 9876
---------------------------------------------------------------------------------
WARNING: [Synth 8-327] inferring latch for variable 'NCAR_reg' [/home/mikkel/repoes/ESD3/ESD3-Opgaver/DigitalHardwareDesign/DHD KG7/EX 4/EX 4.srcs/sources_1/new/Top.vhd:69]
---------------------------------------------------------------------------------
Finished RTL Optimization Phase 2 : Time (s): cpu = 00:00:07 ; elapsed = 00:00:07 . Memory (MB): peak = 1789.109 ; gain = 452.625 ; free physical = 5651 ; free virtual = 9864
---------------------------------------------------------------------------------
No constraint files found.
---------------------------------------------------------------------------------
Start RTL Component Statistics 
---------------------------------------------------------------------------------
Detailed RTL Component Info : 
+---Adders : 
	   2 Input    8 Bit       Adders := 1     
+---Muxes : 
	   7 Input    3 Bit        Muxes := 1     
	   2 Input    3 Bit        Muxes := 1     
	   2 Input    2 Bit        Muxes := 1     
	   2 Input    1 Bit        Muxes := 1     
---------------------------------------------------------------------------------
Finished RTL Component Statistics 
---------------------------------------------------------------------------------
---------------------------------------------------------------------------------
Start Part Resource Summary
---------------------------------------------------------------------------------
Part Resources:
DSPs: 90 (col length:60)
BRAMs: 100 (col length: RAMB18 60 RAMB36 30)
---------------------------------------------------------------------------------
Finished Part Resource Summary
---------------------------------------------------------------------------------
No constraint files found.
---------------------------------------------------------------------------------
Start Cross Boundary and Area Optimization
---------------------------------------------------------------------------------
WARNING: [Synth 8-7080] Parallel synthesis criteria is not met
---------------------------------------------------------------------------------
Finished Cross Boundary and Area Optimization : Time (s): cpu = 00:00:11 ; elapsed = 00:00:12 . Memory (MB): peak = 1924.500 ; gain = 588.016 ; free physical = 5496 ; free virtual = 9711
---------------------------------------------------------------------------------
No constraint files found.
---------------------------------------------------------------------------------
Start Timing Optimization
---------------------------------------------------------------------------------
---------------------------------------------------------------------------------
Finished Timing Optimization : Time (s): cpu = 00:00:11 ; elapsed = 00:00:12 . Memory (MB): peak = 1924.500 ; gain = 588.016 ; free physical = 5495 ; free virtual = 9711
---------------------------------------------------------------------------------
---------------------------------------------------------------------------------
Start Technology Mapping
---------------------------------------------------------------------------------
---------------------------------------------------------------------------------
Finished Technology Mapping : Time (s): cpu = 00:00:11 ; elapsed = 00:00:12 . Memory (MB): peak = 1924.500 ; gain = 588.016 ; free physical = 5495 ; free virtual = 9711
---------------------------------------------------------------------------------
---------------------------------------------------------------------------------
Start IO Insertion
---------------------------------------------------------------------------------
---------------------------------------------------------------------------------
Start Flattening Before IO Insertion
---------------------------------------------------------------------------------
---------------------------------------------------------------------------------
Finished Flattening Before IO Insertion
---------------------------------------------------------------------------------
---------------------------------------------------------------------------------
Start Final Netlist Cleanup
---------------------------------------------------------------------------------
---------------------------------------------------------------------------------
Finished Final Netlist Cleanup
---------------------------------------------------------------------------------
---------------------------------------------------------------------------------
Finished IO Insertion : Time (s): cpu = 00:00:15 ; elapsed = 00:00:16 . Memory (MB): peak = 1924.500 ; gain = 588.016 ; free physical = 5497 ; free virtual = 9713
---------------------------------------------------------------------------------
---------------------------------------------------------------------------------
Start Renaming Generated Instances
---------------------------------------------------------------------------------
---------------------------------------------------------------------------------
Finished Renaming Generated Instances : Time (s): cpu = 00:00:15 ; elapsed = 00:00:16 . Memory (MB): peak = 1924.500 ; gain = 588.016 ; free physical = 5497 ; free virtual = 9713
---------------------------------------------------------------------------------
---------------------------------------------------------------------------------
Start Rebuilding User Hierarchy
---------------------------------------------------------------------------------
---------------------------------------------------------------------------------
Finished Rebuilding User Hierarchy : Time (s): cpu = 00:00:15 ; elapsed = 00:00:16 . Memory (MB): peak = 1924.500 ; gain = 588.016 ; free physical = 5497 ; free virtual = 9713
---------------------------------------------------------------------------------
---------------------------------------------------------------------------------
Start Renaming Generated Ports
---------------------------------------------------------------------------------
---------------------------------------------------------------------------------
Finished Renaming Generated Ports : Time (s): cpu = 00:00:15 ; elapsed = 00:00:16 . Memory (MB): peak = 1924.500 ; gain = 588.016 ; free physical = 5497 ; free virtual = 9713
---------------------------------------------------------------------------------
---------------------------------------------------------------------------------
Start Handling Custom Attributes
---------------------------------------------------------------------------------
---------------------------------------------------------------------------------
Finished Handling Custom Attributes : Time (s): cpu = 00:00:15 ; elapsed = 00:00:16 . Memory (MB): peak = 1924.500 ; gain = 588.016 ; free physical = 5497 ; free virtual = 9713
---------------------------------------------------------------------------------
---------------------------------------------------------------------------------
Start Renaming Generated Nets
---------------------------------------------------------------------------------
---------------------------------------------------------------------------------
Finished Renaming Generated Nets : Time (s): cpu = 00:00:15 ; elapsed = 00:00:16 . Memory (MB): peak = 1924.500 ; gain = 588.016 ; free physical = 5497 ; free virtual = 9713
---------------------------------------------------------------------------------
---------------------------------------------------------------------------------
Start Writing Synthesis Report
---------------------------------------------------------------------------------

Report BlackBoxes: 
+-+--------------+----------+
| |BlackBox name |Instances |
+-+--------------+----------+
+-+--------------+----------+

Report Cell Usage: 
+------+-------+------+
|      |Cell   |Count |
+------+-------+------+
|1     |CARRY4 |     2|
|2     |LUT1   |     2|
|3     |LUT2   |    12|
|4     |LUT3   |     2|
|5     |LUT4   |     3|
|6     |LUT5   |     6|
|7     |LUT6   |    13|
|8     |LD     |     8|
|9     |IBUF   |     2|
|10    |OBUF   |     8|
+------+-------+------+

Report Instance Areas: 
+------+---------+-------+------+
|      |Instance |Module |Cells |
+------+---------+-------+------+
|1     |top      |       |    58|
+------+---------+-------+------+
---------------------------------------------------------------------------------
Finished Writing Synthesis Report : Time (s): cpu = 00:00:15 ; elapsed = 00:00:16 . Memory (MB): peak = 1924.500 ; gain = 588.016 ; free physical = 5497 ; free virtual = 9713
---------------------------------------------------------------------------------
Synthesis finished with 0 errors, 0 critical warnings and 4 warnings.
Synthesis Optimization Runtime : Time (s): cpu = 00:00:15 ; elapsed = 00:00:16 . Memory (MB): peak = 1924.500 ; gain = 588.016 ; free physical = 5497 ; free virtual = 9713
Synthesis Optimization Complete : Time (s): cpu = 00:00:15 ; elapsed = 00:00:16 . Memory (MB): peak = 1924.508 ; gain = 588.016 ; free physical = 5497 ; free virtual = 9713
INFO: [Project 1-571] Translating synthesized netlist
Netlist sorting complete. Time (s): cpu = 00:00:00 ; elapsed = 00:00:00 . Memory (MB): peak = 1924.508 ; gain = 0.000 ; free physical = 5795 ; free virtual = 10011
INFO: [Netlist 29-17] Analyzing 10 Unisim elements for replacement
INFO: [Netlist 29-28] Unisim Transformation completed in 0 CPU seconds
INFO: [Project 1-570] Preparing netlist for logic optimization
INFO: [Opt 31-138] Pushed 0 inverter(s) to 0 load pin(s).
Netlist sorting complete. Time (s): cpu = 00:00:00 ; elapsed = 00:00:00 . Memory (MB): peak = 2027.199 ; gain = 0.000 ; free physical = 5727 ; free virtual = 9942
INFO: [Project 1-111] Unisim Transformation Summary:
  A total of 8 instances were transformed.
  LD => LDCE: 8 instances

Synth Design complete | Checksum: e0074b96
INFO: [Common 17-83] Releasing license: Synthesis
18 Infos, 4 Warnings, 0 Critical Warnings and 0 Errors encountered.
synth_design completed successfully
synth_design: Time (s): cpu = 00:00:21 ; elapsed = 00:00:18 . Memory (MB): peak = 2027.199 ; gain = 690.715 ; free physical = 5727 ; free virtual = 9942
INFO: [Common 17-2834] synth_design peak Physical Memory [PSS] (MB): overall = 1534.603; main = 1332.205; forked = 378.211
INFO: [Common 17-2834] synth_design peak Virtual Memory [VSS] (MB): overall = 2851.234; main = 2027.199; forked = 969.531
INFO: [Common 17-1381] The checkpoint '/home/mikkel/repoes/ESD3/ESD3-Opgaver/DigitalHardwareDesign/DHD KG7/EX 4/EX 4.runs/synth_1/Top.dcp' has been generated.
INFO: [runtcl-4] Executing : report_utilization -file Top_utilization_synth.rpt -pb Top_utilization_synth.pb
INFO: [Common 17-206] Exiting Vivado at Sun Oct  1 19:06:01 2023...
